2026-01-29 10:58:47,382 [Worker-2: Loading available Gradle versions] INFO  o.e.b.c.i.u.g.PublishedGradleVersions - Gradle version information cache is out-of-date. Trying to update.
2026-01-29 11:05:01,280 [Worker-20: Launching mavenrun-d9b9a8ff-b975-497d-b623-049dc8d77752] INFO  o.eclipse.m2e.core.internal.Bundles - getClasspathEntries(Bundle=org.eclipse.m2e.maven.runtime_3.9.700.20240602-2313 [299])
2026-01-29 11:05:01,283 [Worker-20: Launching mavenrun-d9b9a8ff-b975-497d-b623-049dc8d77752] INFO  o.eclipse.m2e.core.internal.Bundles - 	Entry: C:\Users\leyre\.p2\pool\plugins\org.eclipse.m2e.maven.runtime_3.9.700.20240602-2313
2026-01-29 11:05:01,284 [Worker-20: Launching mavenrun-d9b9a8ff-b975-497d-b623-049dc8d77752] INFO  o.eclipse.m2e.core.internal.Bundles - 	Entry: C:\Users\leyre\.p2\pool\plugins\org.eclipse.m2e.maven.runtime_3.9.700.20240602-2313\jars\aopalliance-1.0.jar
2026-01-29 11:05:01,284 [Worker-20: Launching mavenrun-d9b9a8ff-b975-497d-b623-049dc8d77752] INFO  o.eclipse.m2e.core.internal.Bundles - 	Entry: C:\Users\leyre\.p2\pool\plugins\org.eclipse.m2e.maven.runtime_3.9.700.20240602-2313\jars\guice-5.1.0.jar
2026-01-29 11:05:01,284 [Worker-20: Launching mavenrun-d9b9a8ff-b975-497d-b623-049dc8d77752] INFO  o.eclipse.m2e.core.internal.Bundles - 	Entry: C:\Users\leyre\.p2\pool\plugins\org.eclipse.m2e.maven.runtime_3.9.700.20240602-2313\jars\httpclient-4.5.14.jar
2026-01-29 11:05:01,284 [Worker-20: Launching mavenrun-d9b9a8ff-b975-497d-b623-049dc8d77752] INFO  o.eclipse.m2e.core.internal.Bundles - 	Entry: C:\Users\leyre\.p2\pool\plugins\org.eclipse.m2e.maven.runtime_3.9.700.20240602-2313\jars\httpcore-4.4.16.jar
2026-01-29 11:05:01,284 [Worker-20: Launching mavenrun-d9b9a8ff-b975-497d-b623-049dc8d77752] INFO  o.eclipse.m2e.core.internal.Bundles - 	Entry: C:\Users\leyre\.p2\pool\plugins\org.eclipse.m2e.maven.runtime_3.9.700.20240602-2313\jars\jansi-2.4.1.jar
2026-01-29 11:05:01,284 [Worker-20: Launching mavenrun-d9b9a8ff-b975-497d-b623-049dc8d77752] INFO  o.eclipse.m2e.core.internal.Bundles - 	Entry: C:\Users\leyre\.p2\pool\plugins\org.eclipse.m2e.maven.runtime_3.9.700.20240602-2313\jars\jcl-over-slf4j-1.7.36.jar
2026-01-29 11:05:01,285 [Worker-20: Launching mavenrun-d9b9a8ff-b975-497d-b623-049dc8d77752] INFO  o.eclipse.m2e.core.internal.Bundles - 	Entry: C:\Users\leyre\.p2\pool\plugins\org.eclipse.m2e.maven.runtime_3.9.700.20240602-2313\jars\maven-artifact-3.9.7.jar
2026-01-29 11:05:01,285 [Worker-20: Launching mavenrun-d9b9a8ff-b975-497d-b623-049dc8d77752] INFO  o.eclipse.m2e.core.internal.Bundles - 	Entry: C:\Users\leyre\.p2\pool\plugins\org.eclipse.m2e.maven.runtime_3.9.700.20240602-2313\jars\maven-builder-support-3.9.7.jar
2026-01-29 11:05:01,285 [Worker-20: Launching mavenrun-d9b9a8ff-b975-497d-b623-049dc8d77752] INFO  o.eclipse.m2e.core.internal.Bundles - 	Entry: C:\Users\leyre\.p2\pool\plugins\org.eclipse.m2e.maven.runtime_3.9.700.20240602-2313\jars\maven-compat-3.9.7.jar
2026-01-29 11:05:01,285 [Worker-20: Launching mavenrun-d9b9a8ff-b975-497d-b623-049dc8d77752] INFO  o.eclipse.m2e.core.internal.Bundles - 	Entry: C:\Users\leyre\.p2\pool\plugins\org.eclipse.m2e.maven.runtime_3.9.700.20240602-2313\jars\maven-core-3.9.7.jar
2026-01-29 11:05:01,285 [Worker-20: Launching mavenrun-d9b9a8ff-b975-497d-b623-049dc8d77752] INFO  o.eclipse.m2e.core.internal.Bundles - 	Entry: C:\Users\leyre\.p2\pool\plugins\org.eclipse.m2e.maven.runtime_3.9.700.20240602-2313\jars\maven-embedder-3.9.7.jar
2026-01-29 11:05:01,285 [Worker-20: Launching mavenrun-d9b9a8ff-b975-497d-b623-049dc8d77752] INFO  o.eclipse.m2e.core.internal.Bundles - 	Entry: C:\Users\leyre\.p2\pool\plugins\org.eclipse.m2e.maven.runtime_3.9.700.20240602-2313\jars\maven-model-3.9.7.jar
2026-01-29 11:05:01,285 [Worker-20: Launching mavenrun-d9b9a8ff-b975-497d-b623-049dc8d77752] INFO  o.eclipse.m2e.core.internal.Bundles - 	Entry: C:\Users\leyre\.p2\pool\plugins\org.eclipse.m2e.maven.runtime_3.9.700.20240602-2313\jars\maven-model-builder-3.9.7.jar
2026-01-29 11:05:01,287 [Worker-20: Launching mavenrun-d9b9a8ff-b975-497d-b623-049dc8d77752] INFO  o.eclipse.m2e.core.internal.Bundles - 	Entry: C:\Users\leyre\.p2\pool\plugins\org.eclipse.m2e.maven.runtime_3.9.700.20240602-2313\jars\maven-plugin-api-3.9.7.jar
2026-01-29 11:05:01,287 [Worker-20: Launching mavenrun-d9b9a8ff-b975-497d-b623-049dc8d77752] INFO  o.eclipse.m2e.core.internal.Bundles - 	Entry: C:\Users\leyre\.p2\pool\plugins\org.eclipse.m2e.maven.runtime_3.9.700.20240602-2313\jars\maven-repository-metadata-3.9.7.jar
2026-01-29 11:05:01,287 [Worker-20: Launching mavenrun-d9b9a8ff-b975-497d-b623-049dc8d77752] INFO  o.eclipse.m2e.core.internal.Bundles - 	Entry: C:\Users\leyre\.p2\pool\plugins\org.eclipse.m2e.maven.runtime_3.9.700.20240602-2313\jars\maven-resolver-api-1.9.20.jar
2026-01-29 11:05:01,287 [Worker-20: Launching mavenrun-d9b9a8ff-b975-497d-b623-049dc8d77752] INFO  o.eclipse.m2e.core.internal.Bundles - 	Entry: C:\Users\leyre\.p2\pool\plugins\org.eclipse.m2e.maven.runtime_3.9.700.20240602-2313\jars\maven-resolver-connector-basic-1.9.20.jar
2026-01-29 11:05:01,287 [Worker-20: Launching mavenrun-d9b9a8ff-b975-497d-b623-049dc8d77752] INFO  o.eclipse.m2e.core.internal.Bundles - 	Entry: C:\Users\leyre\.p2\pool\plugins\org.eclipse.m2e.maven.runtime_3.9.700.20240602-2313\jars\maven-resolver-impl-1.9.20.jar
2026-01-29 11:05:01,288 [Worker-20: Launching mavenrun-d9b9a8ff-b975-497d-b623-049dc8d77752] INFO  o.eclipse.m2e.core.internal.Bundles - 	Entry: C:\Users\leyre\.p2\pool\plugins\org.eclipse.m2e.maven.runtime_3.9.700.20240602-2313\jars\maven-resolver-named-locks-1.9.20.jar
2026-01-29 11:05:01,288 [Worker-20: Launching mavenrun-d9b9a8ff-b975-497d-b623-049dc8d77752] INFO  o.eclipse.m2e.core.internal.Bundles - 	Entry: C:\Users\leyre\.p2\pool\plugins\org.eclipse.m2e.maven.runtime_3.9.700.20240602-2313\jars\maven-resolver-provider-3.9.7.jar
2026-01-29 11:05:01,288 [Worker-20: Launching mavenrun-d9b9a8ff-b975-497d-b623-049dc8d77752] INFO  o.eclipse.m2e.core.internal.Bundles - 	Entry: C:\Users\leyre\.p2\pool\plugins\org.eclipse.m2e.maven.runtime_3.9.700.20240602-2313\jars\maven-resolver-spi-1.9.20.jar
2026-01-29 11:05:01,288 [Worker-20: Launching mavenrun-d9b9a8ff-b975-497d-b623-049dc8d77752] INFO  o.eclipse.m2e.core.internal.Bundles - 	Entry: C:\Users\leyre\.p2\pool\plugins\org.eclipse.m2e.maven.runtime_3.9.700.20240602-2313\jars\maven-resolver-transport-file-1.9.20.jar
2026-01-29 11:05:01,288 [Worker-20: Launching mavenrun-d9b9a8ff-b975-497d-b623-049dc8d77752] INFO  o.eclipse.m2e.core.internal.Bundles - 	Entry: C:\Users\leyre\.p2\pool\plugins\org.eclipse.m2e.maven.runtime_3.9.700.20240602-2313\jars\maven-resolver-transport-http-1.9.20.jar
2026-01-29 11:05:01,288 [Worker-20: Launching mavenrun-d9b9a8ff-b975-497d-b623-049dc8d77752] INFO  o.eclipse.m2e.core.internal.Bundles - 	Entry: C:\Users\leyre\.p2\pool\plugins\org.eclipse.m2e.maven.runtime_3.9.700.20240602-2313\jars\maven-resolver-transport-wagon-1.9.20.jar
2026-01-29 11:05:01,289 [Worker-20: Launching mavenrun-d9b9a8ff-b975-497d-b623-049dc8d77752] INFO  o.eclipse.m2e.core.internal.Bundles - 	Entry: C:\Users\leyre\.p2\pool\plugins\org.eclipse.m2e.maven.runtime_3.9.700.20240602-2313\jars\maven-resolver-util-1.9.20.jar
2026-01-29 11:05:01,289 [Worker-20: Launching mavenrun-d9b9a8ff-b975-497d-b623-049dc8d77752] INFO  o.eclipse.m2e.core.internal.Bundles - 	Entry: C:\Users\leyre\.p2\pool\plugins\org.eclipse.m2e.maven.runtime_3.9.700.20240602-2313\jars\maven-settings-3.9.7.jar
2026-01-29 11:05:01,289 [Worker-20: Launching mavenrun-d9b9a8ff-b975-497d-b623-049dc8d77752] INFO  o.eclipse.m2e.core.internal.Bundles - 	Entry: C:\Users\leyre\.p2\pool\plugins\org.eclipse.m2e.maven.runtime_3.9.700.20240602-2313\jars\maven-settings-builder-3.9.7.jar
2026-01-29 11:05:01,289 [Worker-20: Launching mavenrun-d9b9a8ff-b975-497d-b623-049dc8d77752] INFO  o.eclipse.m2e.core.internal.Bundles - 	Entry: C:\Users\leyre\.p2\pool\plugins\org.eclipse.m2e.maven.runtime_3.9.700.20240602-2313\jars\maven-shared-utils-3.4.2.jar
2026-01-29 11:05:01,289 [Worker-20: Launching mavenrun-d9b9a8ff-b975-497d-b623-049dc8d77752] INFO  o.eclipse.m2e.core.internal.Bundles - 	Entry: C:\Users\leyre\.p2\pool\plugins\org.eclipse.m2e.maven.runtime_3.9.700.20240602-2313\jars\org.eclipse.sisu.inject-0.9.0.M2.jar
2026-01-29 11:05:01,289 [Worker-20: Launching mavenrun-d9b9a8ff-b975-497d-b623-049dc8d77752] INFO  o.eclipse.m2e.core.internal.Bundles - 	Entry: C:\Users\leyre\.p2\pool\plugins\org.eclipse.m2e.maven.runtime_3.9.700.20240602-2313\jars\org.eclipse.sisu.plexus-0.9.0.M2.jar
2026-01-29 11:05:01,290 [Worker-20: Launching mavenrun-d9b9a8ff-b975-497d-b623-049dc8d77752] INFO  o.eclipse.m2e.core.internal.Bundles - 	Entry: C:\Users\leyre\.p2\pool\plugins\org.eclipse.m2e.maven.runtime_3.9.700.20240602-2313\jars\plexus-build-api-0.0.7.jar
2026-01-29 11:05:01,290 [Worker-20: Launching mavenrun-d9b9a8ff-b975-497d-b623-049dc8d77752] INFO  o.eclipse.m2e.core.internal.Bundles - 	Entry: C:\Users\leyre\.p2\pool\plugins\org.eclipse.m2e.maven.runtime_3.9.700.20240602-2313\jars\plexus-build-api-1.2.0.jar
2026-01-29 11:05:01,290 [Worker-20: Launching mavenrun-d9b9a8ff-b975-497d-b623-049dc8d77752] INFO  o.eclipse.m2e.core.internal.Bundles - 	Entry: C:\Users\leyre\.p2\pool\plugins\org.eclipse.m2e.maven.runtime_3.9.700.20240602-2313\jars\plexus-cipher-2.0.jar
2026-01-29 11:05:01,290 [Worker-20: Launching mavenrun-d9b9a8ff-b975-497d-b623-049dc8d77752] INFO  o.eclipse.m2e.core.internal.Bundles - 	Entry: C:\Users\leyre\.p2\pool\plugins\org.eclipse.m2e.maven.runtime_3.9.700.20240602-2313\jars\plexus-classworlds-2.8.0.jar
2026-01-29 11:05:01,290 [Worker-20: Launching mavenrun-d9b9a8ff-b975-497d-b623-049dc8d77752] INFO  o.eclipse.m2e.core.internal.Bundles - 	Entry: C:\Users\leyre\.p2\pool\plugins\org.eclipse.m2e.maven.runtime_3.9.700.20240602-2313\jars\plexus-component-annotations-2.1.0.jar
2026-01-29 11:05:01,291 [Worker-20: Launching mavenrun-d9b9a8ff-b975-497d-b623-049dc8d77752] INFO  o.eclipse.m2e.core.internal.Bundles - 	Entry: C:\Users\leyre\.p2\pool\plugins\org.eclipse.m2e.maven.runtime_3.9.700.20240602-2313\jars\plexus-interpolation-1.27.jar
2026-01-29 11:05:01,291 [Worker-20: Launching mavenrun-d9b9a8ff-b975-497d-b623-049dc8d77752] INFO  o.eclipse.m2e.core.internal.Bundles - 	Entry: C:\Users\leyre\.p2\pool\plugins\org.eclipse.m2e.maven.runtime_3.9.700.20240602-2313\jars\plexus-sec-dispatcher-2.0.jar
2026-01-29 11:05:01,291 [Worker-20: Launching mavenrun-d9b9a8ff-b975-497d-b623-049dc8d77752] INFO  o.eclipse.m2e.core.internal.Bundles - 	Entry: C:\Users\leyre\.p2\pool\plugins\org.eclipse.m2e.maven.runtime_3.9.700.20240602-2313\jars\plexus-utils-3.5.1.jar
2026-01-29 11:05:01,291 [Worker-20: Launching mavenrun-d9b9a8ff-b975-497d-b623-049dc8d77752] INFO  o.eclipse.m2e.core.internal.Bundles - 	Entry: C:\Users\leyre\.p2\pool\plugins\org.eclipse.m2e.maven.runtime_3.9.700.20240602-2313\jars\wagon-file-3.5.3.jar
2026-01-29 11:05:01,291 [Worker-20: Launching mavenrun-d9b9a8ff-b975-497d-b623-049dc8d77752] INFO  o.eclipse.m2e.core.internal.Bundles - 	Entry: C:\Users\leyre\.p2\pool\plugins\org.eclipse.m2e.maven.runtime_3.9.700.20240602-2313\jars\wagon-http-3.5.3.jar
2026-01-29 11:05:01,291 [Worker-20: Launching mavenrun-d9b9a8ff-b975-497d-b623-049dc8d77752] INFO  o.eclipse.m2e.core.internal.Bundles - 	Entry: C:\Users\leyre\.p2\pool\plugins\org.eclipse.m2e.maven.runtime_3.9.700.20240602-2313\jars\wagon-http-shared-3.5.3.jar
2026-01-29 11:05:01,292 [Worker-20: Launching mavenrun-d9b9a8ff-b975-497d-b623-049dc8d77752] INFO  o.eclipse.m2e.core.internal.Bundles - 	Entry: C:\Users\leyre\.p2\pool\plugins\org.eclipse.m2e.maven.runtime_3.9.700.20240602-2313\jars\wagon-provider-api-3.5.3.jar
2026-01-29 11:05:01,293 [Worker-20: Launching mavenrun-d9b9a8ff-b975-497d-b623-049dc8d77752] INFO  o.eclipse.m2e.core.internal.Bundles - getClasspathEntries(Bundle=com.google.guava_33.2.0.jre [10])
2026-01-29 11:05:01,293 [Worker-20: Launching mavenrun-d9b9a8ff-b975-497d-b623-049dc8d77752] INFO  o.eclipse.m2e.core.internal.Bundles - 	Entry: C:\Users\leyre\.p2\pool\plugins\com.google.guava_33.2.0.jre.jar
2026-01-29 11:05:01,293 [Worker-20: Launching mavenrun-d9b9a8ff-b975-497d-b623-049dc8d77752] INFO  o.eclipse.m2e.core.internal.Bundles - getClasspathEntries(Bundle=slf4j.api_2.0.17 [585])
2026-01-29 11:05:01,293 [Worker-20: Launching mavenrun-d9b9a8ff-b975-497d-b623-049dc8d77752] INFO  o.eclipse.m2e.core.internal.Bundles - 	Entry: C:\Users\leyre\.p2\pool\plugins\slf4j.api_2.0.17.jar
2026-01-29 11:05:01,295 [Worker-20: Launching mavenrun-d9b9a8ff-b975-497d-b623-049dc8d77752] INFO  o.eclipse.m2e.core.internal.Bundles - getClasspathEntries(Bundle=jakarta.inject.jakarta.inject-api_1.0.5 [21])
2026-01-29 11:05:01,295 [Worker-20: Launching mavenrun-d9b9a8ff-b975-497d-b623-049dc8d77752] INFO  o.eclipse.m2e.core.internal.Bundles - 	Entry: C:\Users\leyre\.p2\pool\plugins\jakarta.inject.jakarta.inject-api_1.0.5.jar
2026-01-29 11:05:01,295 [Worker-20: Launching mavenrun-d9b9a8ff-b975-497d-b623-049dc8d77752] INFO  o.eclipse.m2e.core.internal.Bundles - getClasspathEntries(Bundle=javax.annotation_1.3.5.v20200909-1856 [24])
2026-01-29 11:05:01,295 [Worker-20: Launching mavenrun-d9b9a8ff-b975-497d-b623-049dc8d77752] INFO  o.eclipse.m2e.core.internal.Bundles - 	Entry: C:\Users\leyre\.p2\pool\plugins\javax.annotation_1.3.5.v20200909-1856.jar
2026-01-29 11:05:01,296 [Worker-20: Launching mavenrun-d9b9a8ff-b975-497d-b623-049dc8d77752] INFO  o.eclipse.m2e.core.internal.Bundles - getClasspathEntries(Bundle=org.apache.commons.cli_1.8.0 [47])
2026-01-29 11:05:01,296 [Worker-20: Launching mavenrun-d9b9a8ff-b975-497d-b623-049dc8d77752] INFO  o.eclipse.m2e.core.internal.Bundles - 	Entry: C:\Users\leyre\.p2\pool\plugins\org.apache.commons.cli_1.8.0.jar
2026-01-29 11:05:01,296 [Worker-20: Launching mavenrun-d9b9a8ff-b975-497d-b623-049dc8d77752] INFO  o.eclipse.m2e.core.internal.Bundles - getClasspathEntries(Bundle=org.apache.commons.commons-codec_1.19.0 [542])
2026-01-29 11:05:01,297 [Worker-20: Launching mavenrun-d9b9a8ff-b975-497d-b623-049dc8d77752] INFO  o.eclipse.m2e.core.internal.Bundles - 	Entry: C:\Users\leyre\.p2\pool\plugins\org.apache.commons.commons-codec_1.19.0.jar
2026-01-29 11:05:01,297 [Worker-20: Launching mavenrun-d9b9a8ff-b975-497d-b623-049dc8d77752] INFO  o.eclipse.m2e.core.internal.Bundles - getClasspathEntries(Bundle=org.apache.commons.lang3_3.14.0 [54])
2026-01-29 11:05:01,298 [Worker-20: Launching mavenrun-d9b9a8ff-b975-497d-b623-049dc8d77752] INFO  o.eclipse.m2e.core.internal.Bundles - 	Entry: C:\Users\leyre\.p2\pool\plugins\org.apache.commons.lang3_3.14.0.jar
2026-01-29 11:05:01,298 [Worker-20: Launching mavenrun-d9b9a8ff-b975-497d-b623-049dc8d77752] INFO  o.eclipse.m2e.core.internal.Bundles - getClasspathEntries(Bundle=com.google.guava.failureaccess_1.0.2 [11])
2026-01-29 11:05:01,298 [Worker-20: Launching mavenrun-d9b9a8ff-b975-497d-b623-049dc8d77752] INFO  o.eclipse.m2e.core.internal.Bundles - 	Entry: C:\Users\leyre\.p2\pool\plugins\com.google.guava.failureaccess_1.0.2.jar
2026-01-29 11:05:01,303 [Worker-20: Launching mavenrun-d9b9a8ff-b975-497d-b623-049dc8d77752] INFO  o.e.m.i.launch.MavenLaunchDelegate - Run build in "C:\Users\leyre\AppData\Local\Temp\m2e-archetypeGenerator112781912661680067":
2026-01-29 11:05:01,308 [Worker-20: Launching mavenrun-d9b9a8ff-b975-497d-b623-049dc8d77752] INFO  o.e.m.i.launch.MavenLaunchDelegate -  mvn  -DjavaCompilerVersion=17 -DjunitVersion=5.11.0 -DarchetypeGroupId=org.apache.maven.archetypes -DarchetypeArtifactId=maven-archetype-quickstart -DarchetypeVersion=1.5 -DgroupId=com.cuatrovientos.kafka -DartifactId=GestionColaImpresion -Dversion=0.0.1-SNAPSHOT -Dpackage=com.cuatrovientos.kafka.GestionColaImpresion -DoutputDirectory="C:\Users\leyre\Desktop\DAM 2 25-26\PSP\Kafka-Gestion-Impresoras-Con-Topics" -Dstyle.color=always -U archetype:generate
2026-01-29 11:05:20,491 [Worker-9: Creating maven-archetype-quickstart] INFO  o.e.m.c.i.p.ProjectConfigurationManager - Collecting project info '/pom.xml' C:\Users\leyre\Desktop\DAM 2 25-26\PSP\Kafka-Gestion-Impresoras-Con-Topics\GestionColaImpresion\pom.xml
2026-01-29 11:05:22,853 [Worker-9: Creating maven-archetype-quickstart] INFO  o.e.m.c.i.l.LifecycleMappingFactory - Using org.eclipse.m2e.jdt.JarLifecycleMapping lifecycle mapping for MavenProject: com.cuatrovientos.kafka:GestionColaImpresion:0.0.1-SNAPSHOT @ C:\Users\leyre\Desktop\DAM 2 25-26\PSP\Kafka-Gestion-Impresoras-Con-Topics\GestionColaImpresion\pom.xml.
2026-01-29 11:05:24,747 [Worker-9: Creating maven-archetype-quickstart] INFO  o.e.m.j.i.AbstractJavaProjectConfigurator - Adding source folder /GestionColaImpresion/src/main/java
2026-01-29 11:05:24,749 [Worker-9: Creating maven-archetype-quickstart] INFO  o.e.m.j.i.AbstractJavaProjectConfigurator - Adding resource folder /GestionColaImpresion/src/main/resources
2026-01-29 11:05:24,760 [Worker-9: Creating maven-archetype-quickstart] INFO  o.e.m.j.i.AbstractJavaProjectConfigurator - Adding source folder /GestionColaImpresion/src/test/java
2026-01-29 11:05:24,763 [Worker-9: Creating maven-archetype-quickstart] INFO  o.e.m.j.i.AbstractJavaProjectConfigurator - Adding resource folder /GestionColaImpresion/src/test/resources
2026-01-29 11:05:25,401 [Worker-9: Creating maven-archetype-quickstart] INFO  o.e.m.c.i.p.ProjectConfigurationManager - Imported and configured 1 project(s) in 4 sec
2026-01-29 11:05:26,287 [Worker-13: Building] INFO  o.a.m.s.f.DefaultMavenResourcesFiltering - skip non existing resourceDirectory C:\Users\leyre\Desktop\DAM 2 25-26\PSP\Kafka-Gestion-Impresoras-Con-Topics\GestionColaImpresion\src\main\resources
2026-01-29 11:05:26,290 [Worker-13: Building] INFO  o.a.m.s.f.DefaultMavenResourcesFiltering - skip non existing resourceDirectory C:\Users\leyre\Desktop\DAM 2 25-26\PSP\Kafka-Gestion-Impresoras-Con-Topics\GestionColaImpresion\src\test\resources
2026-01-29 11:06:55,698 [Worker-38: Building] ERROR o.e.m.c.i.p.r.ProjectRegistryManager - File not found: C:\Users\leyre\Desktop\DAM 2 25-26\PSP\Kafka-Gestion-Impresoras-Con-Topics\GestionColaImpresion\pom.xml.
org.eclipse.core.internal.resources.ResourceException: File not found: C:\Users\leyre\Desktop\DAM 2 25-26\PSP\Kafka-Gestion-Impresoras-Con-Topics\GestionColaImpresion\pom.xml.
	at org.eclipse.core.internal.localstore.FileSystemResourceManager.read(FileSystemResourceManager.java:882)
	at org.eclipse.core.internal.resources.File.getContents(File.java:299)
	at org.eclipse.core.internal.resources.File.getContents(File.java:290)
	at org.eclipse.m2e.core.internal.project.registry.ProjectRegistryManager.refreshPhase2(ProjectRegistryManager.java:589)
	at org.eclipse.m2e.core.internal.project.registry.ProjectRegistryManager.refresh(ProjectRegistryManager.java:491)
	at org.eclipse.m2e.core.internal.project.registry.ProjectRegistryManager.refresh(ProjectRegistryManager.java:370)
	at org.eclipse.m2e.core.internal.project.registry.ProjectRegistryManager.refresh(ProjectRegistryManager.java:322)
	at org.eclipse.m2e.core.internal.builder.MavenBuilder$BuildMethod.getProjectFacade(MavenBuilder.java:146)
	at org.eclipse.m2e.core.internal.builder.MavenBuilder$BuildMethod.lambda$0(MavenBuilder.java:84)
	at org.eclipse.m2e.core.internal.embedder.MavenExecutionContext.executeBare(MavenExecutionContext.java:458)
	at org.eclipse.m2e.core.internal.embedder.MavenExecutionContext.execute(MavenExecutionContext.java:339)
	at org.eclipse.m2e.core.internal.embedder.MavenExecutionContext.execute(MavenExecutionContext.java:278)
	at org.eclipse.m2e.core.internal.builder.MavenBuilder$BuildMethod.execute(MavenBuilder.java:83)
	at org.eclipse.m2e.core.internal.builder.MavenBuilder.build(MavenBuilder.java:192)
	at org.eclipse.core.internal.events.BuildManager$2.run(BuildManager.java:1077)
	at org.eclipse.core.runtime.SafeRunner.run(SafeRunner.java:47)
	at org.eclipse.core.internal.events.BuildManager.basicBuild(BuildManager.java:296)
	at org.eclipse.core.internal.events.BuildManager.basicBuild(BuildManager.java:352)
	at org.eclipse.core.internal.events.BuildManager$1.run(BuildManager.java:441)
	at org.eclipse.core.runtime.SafeRunner.run(SafeRunner.java:47)
	at org.eclipse.core.internal.events.BuildManager.basicBuild(BuildManager.java:444)
	at org.eclipse.core.internal.events.BuildManager.basicBuildLoop(BuildManager.java:555)
	at org.eclipse.core.internal.events.BuildManager.basicBuildLoop(BuildManager.java:503)
	at org.eclipse.core.internal.events.BuildManager.build(BuildManager.java:585)
	at org.eclipse.core.internal.events.AutoBuildJob.doBuild(AutoBuildJob.java:207)
	at org.eclipse.core.internal.events.AutoBuildJob.run(AutoBuildJob.java:300)
	at org.eclipse.core.internal.jobs.Worker.run(Worker.java:63)
Caused by: java.lang.Exception: File not found: C:\Users\leyre\Desktop\DAM 2 25-26\PSP\Kafka-Gestion-Impresoras-Con-Topics\GestionColaImpresion\pom.xml.
	at org.eclipse.core.internal.resources.ResourceException.provideStackTrace(ResourceException.java:42)
	at org.eclipse.core.internal.resources.ResourceException.<init>(ResourceException.java:38)
	... 27 common frames omitted
2026-01-29 12:09:59,818 [Worker-3: Loading available Gradle versions] INFO  o.e.b.c.i.u.g.PublishedGradleVersions - Gradle version information cache is up-to-date. Trying to read.
2026-01-29 12:10:03,457 [Worker-3: Building] INFO  o.e.m.c.i.l.LifecycleMappingFactory - Using org.eclipse.m2e.jdt.JarLifecycleMapping lifecycle mapping for MavenProject: com.cuatrovientos.kafka:GestionColaImpresion:0.0.1-SNAPSHOT @ C:\Users\leyre\Desktop\DAM 2 25-26\PSP\Kafka-Gestion-Impresoras-Con-Topics\PSP-Kafka-Gestion-Impresoras-Leyre-Romero\GestionColaImpresion\pom.xml.
2026-01-29 12:10:04,871 [Worker-3: Building] INFO  o.a.m.s.f.DefaultMavenResourcesFiltering - skip non existing resourceDirectory C:\Users\leyre\Desktop\DAM 2 25-26\PSP\Kafka-Gestion-Impresoras-Con-Topics\PSP-Kafka-Gestion-Impresoras-Leyre-Romero\GestionColaImpresion\src\main\resources
2026-01-29 12:10:04,876 [Worker-3: Building] INFO  o.a.m.s.f.DefaultMavenResourcesFiltering - skip non existing resourceDirectory C:\Users\leyre\Desktop\DAM 2 25-26\PSP\Kafka-Gestion-Impresoras-Con-Topics\PSP-Kafka-Gestion-Impresoras-Leyre-Romero\GestionColaImpresion\src\test\resources
2026-01-29 12:10:06,039 [Worker-10: Building] INFO  o.a.m.s.f.DefaultMavenResourcesFiltering - skip non existing resourceDirectory C:\Users\leyre\Desktop\DAM 2 25-26\PSP\Kafka-Gestion-Impresoras-Con-Topics\PSP-Kafka-Gestion-Impresoras-Leyre-Romero\GestionColaImpresion\src\main\resources
2026-01-29 12:10:06,043 [Worker-10: Building] INFO  o.a.m.s.f.DefaultMavenResourcesFiltering - skip non existing resourceDirectory C:\Users\leyre\Desktop\DAM 2 25-26\PSP\Kafka-Gestion-Impresoras-Con-Topics\PSP-Kafka-Gestion-Impresoras-Leyre-Romero\GestionColaImpresion\src\test\resources
2026-01-29 12:11:31,551 [Worker-27: Building] INFO  o.e.m.c.i.l.LifecycleMappingFactory - Using org.eclipse.m2e.jdt.JarLifecycleMapping lifecycle mapping for MavenProject: com.cuatrovientos.kafka:GestionColaImpresion:0.0.1-SNAPSHOT @ C:\Users\leyre\Desktop\DAM 2 25-26\PSP\Kafka-Gestion-Impresoras-Con-Topics\PSP-Kafka-Gestion-Impresoras-Leyre-Romero\GestionColaImpresion\pom.xml.
2026-01-29 12:11:31,782 [Worker-27: Building] INFO  o.e.m.c.i.e.AbstractTransferListenerAdapter - Downloading https://repo.maven.apache.org/maven2/org/apache/kafka/kafka-clients/4.1.1/kafka-clients-4.1.1.pom
2026-01-29 12:11:31,824 [Worker-27: Building] INFO  o.e.m.c.i.e.AbstractTransferListenerAdapter - Downloaded https://repo.maven.apache.org/maven2/org/apache/kafka/kafka-clients/4.1.1/kafka-clients-4.1.1.pom
2026-01-29 12:11:31,867 [Worker-27: Building] INFO  o.e.m.c.i.e.AbstractTransferListenerAdapter - Downloading https://repo.maven.apache.org/maven2/com/github/luben/zstd-jni/1.5.6-10/zstd-jni-1.5.6-10.pom
2026-01-29 12:11:31,890 [Worker-27: Building] INFO  o.e.m.c.i.e.AbstractTransferListenerAdapter - Downloaded https://repo.maven.apache.org/maven2/com/github/luben/zstd-jni/1.5.6-10/zstd-jni-1.5.6-10.pom
2026-01-29 12:11:31,949 [Worker-27: Building] INFO  o.e.m.c.i.e.AbstractTransferListenerAdapter - Downloading https://repo.maven.apache.org/maven2/org/xerial/snappy/snappy-java/1.1.10.7/snappy-java-1.1.10.7.pom
2026-01-29 12:11:31,971 [Worker-27: Building] INFO  o.e.m.c.i.e.AbstractTransferListenerAdapter - Downloaded https://repo.maven.apache.org/maven2/org/xerial/snappy/snappy-java/1.1.10.7/snappy-java-1.1.10.7.pom
2026-01-29 12:11:32,019 [Worker-27: Building] INFO  o.e.m.c.i.e.AbstractTransferListenerAdapter - Downloading https://repo.maven.apache.org/maven2/com/fasterxml/jackson/core/jackson-databind/2.15.2/jackson-databind-2.15.2.pom
2026-01-29 12:11:32,052 [Worker-27: Building] INFO  o.e.m.c.i.e.AbstractTransferListenerAdapter - Downloaded https://repo.maven.apache.org/maven2/com/fasterxml/jackson/core/jackson-databind/2.15.2/jackson-databind-2.15.2.pom
2026-01-29 12:11:32,110 [Worker-27: Building] INFO  o.e.m.c.i.e.AbstractTransferListenerAdapter - Downloading https://repo.maven.apache.org/maven2/com/fasterxml/jackson/jackson-base/2.15.2/jackson-base-2.15.2.pom
2026-01-29 12:11:32,144 [Worker-27: Building] INFO  o.e.m.c.i.e.AbstractTransferListenerAdapter - Downloaded https://repo.maven.apache.org/maven2/com/fasterxml/jackson/jackson-base/2.15.2/jackson-base-2.15.2.pom
2026-01-29 12:11:32,198 [Worker-27: Building] INFO  o.e.m.c.i.e.AbstractTransferListenerAdapter - Downloading https://repo.maven.apache.org/maven2/com/fasterxml/jackson/jackson-bom/2.15.2/jackson-bom-2.15.2.pom
2026-01-29 12:11:32,220 [Worker-27: Building] INFO  o.e.m.c.i.e.AbstractTransferListenerAdapter - Downloaded https://repo.maven.apache.org/maven2/com/fasterxml/jackson/jackson-bom/2.15.2/jackson-bom-2.15.2.pom
2026-01-29 12:11:32,268 [Worker-27: Building] INFO  o.e.m.c.i.e.AbstractTransferListenerAdapter - Downloading https://repo.maven.apache.org/maven2/com/fasterxml/jackson/jackson-parent/2.15/jackson-parent-2.15.pom
2026-01-29 12:11:32,291 [Worker-27: Building] INFO  o.e.m.c.i.e.AbstractTransferListenerAdapter - Downloaded https://repo.maven.apache.org/maven2/com/fasterxml/jackson/jackson-parent/2.15/jackson-parent-2.15.pom
2026-01-29 12:11:32,342 [Worker-27: Building] INFO  o.e.m.c.i.e.AbstractTransferListenerAdapter - Downloading https://repo.maven.apache.org/maven2/com/fasterxml/oss-parent/50/oss-parent-50.pom
2026-01-29 12:11:32,387 [Worker-27: Building] INFO  o.e.m.c.i.e.AbstractTransferListenerAdapter - Downloaded https://repo.maven.apache.org/maven2/com/fasterxml/oss-parent/50/oss-parent-50.pom
2026-01-29 12:11:32,441 [Worker-27: Building] INFO  o.e.m.c.i.e.AbstractTransferListenerAdapter - Downloading https://repo.maven.apache.org/maven2/org/junit/junit-bom/5.9.2/junit-bom-5.9.2.pom
2026-01-29 12:11:32,472 [Worker-27: Building] INFO  o.e.m.c.i.e.AbstractTransferListenerAdapter - Downloaded https://repo.maven.apache.org/maven2/org/junit/junit-bom/5.9.2/junit-bom-5.9.2.pom
2026-01-29 12:11:32,514 [Worker-27: Building] INFO  o.e.m.c.i.e.AbstractTransferListenerAdapter - Downloading https://repo.maven.apache.org/maven2/com/fasterxml/jackson/core/jackson-annotations/2.15.2/jackson-annotations-2.15.2.pom
2026-01-29 12:11:32,535 [Worker-27: Building] INFO  o.e.m.c.i.e.AbstractTransferListenerAdapter - Downloaded https://repo.maven.apache.org/maven2/com/fasterxml/jackson/core/jackson-annotations/2.15.2/jackson-annotations-2.15.2.pom
2026-01-29 12:11:32,573 [Worker-27: Building] INFO  o.e.m.c.i.e.AbstractTransferListenerAdapter - Downloading https://repo.maven.apache.org/maven2/com/fasterxml/jackson/core/jackson-core/2.15.2/jackson-core-2.15.2.pom
2026-01-29 12:11:32,595 [Worker-27: Building] INFO  o.e.m.c.i.e.AbstractTransferListenerAdapter - Downloaded https://repo.maven.apache.org/maven2/com/fasterxml/jackson/core/jackson-core/2.15.2/jackson-core-2.15.2.pom
2026-01-29 12:11:32,664 [Worker-27: Building] INFO  o.e.m.c.i.e.AbstractTransferListenerAdapter - Downloading https://repo.maven.apache.org/maven2/org/apache/kafka/kafka-clients/4.1.1/kafka-clients-4.1.1.jar
2026-01-29 12:11:51,246 [Worker-27: Building] INFO  o.e.m.c.i.e.AbstractTransferListenerAdapter - Downloaded https://repo.maven.apache.org/maven2/org/apache/kafka/kafka-clients/4.1.1/kafka-clients-4.1.1.jar
2026-01-29 12:11:51,310 [BasicRepositoryConnector-repo.maven.apache.org-0-1] INFO  o.e.m.c.i.e.AbstractTransferListenerAdapter - Downloading https://repo.maven.apache.org/maven2/org/xerial/snappy/snappy-java/1.1.10.7/snappy-java-1.1.10.7.jar
2026-01-29 12:11:51,326 [BasicRepositoryConnector-repo.maven.apache.org-0-3] INFO  o.e.m.c.i.e.AbstractTransferListenerAdapter - Downloading https://repo.maven.apache.org/maven2/com/fasterxml/jackson/core/jackson-annotations/2.15.2/jackson-annotations-2.15.2.jar
2026-01-29 12:11:51,326 [BasicRepositoryConnector-repo.maven.apache.org-0-0] INFO  o.e.m.c.i.e.AbstractTransferListenerAdapter - Downloading https://repo.maven.apache.org/maven2/com/github/luben/zstd-jni/1.5.6-10/zstd-jni-1.5.6-10.jar
2026-01-29 12:11:51,358 [BasicRepositoryConnector-repo.maven.apache.org-0-2] INFO  o.e.m.c.i.e.AbstractTransferListenerAdapter - Downloading https://repo.maven.apache.org/maven2/com/fasterxml/jackson/core/jackson-databind/2.15.2/jackson-databind-2.15.2.jar
2026-01-29 12:11:51,373 [BasicRepositoryConnector-repo.maven.apache.org-0-4] INFO  o.e.m.c.i.e.AbstractTransferListenerAdapter - Downloading https://repo.maven.apache.org/maven2/com/fasterxml/jackson/core/jackson-core/2.15.2/jackson-core-2.15.2.jar
2026-01-29 12:11:51,628 [BasicRepositoryConnector-repo.maven.apache.org-0-3] INFO  o.e.m.c.i.e.AbstractTransferListenerAdapter - Downloaded https://repo.maven.apache.org/maven2/com/fasterxml/jackson/core/jackson-annotations/2.15.2/jackson-annotations-2.15.2.jar
2026-01-29 12:11:54,968 [BasicRepositoryConnector-repo.maven.apache.org-0-4] INFO  o.e.m.c.i.e.AbstractTransferListenerAdapter - Downloaded https://repo.maven.apache.org/maven2/com/fasterxml/jackson/core/jackson-core/2.15.2/jackson-core-2.15.2.jar
2026-01-29 12:11:59,983 [BasicRepositoryConnector-repo.maven.apache.org-0-2] INFO  o.e.m.c.i.e.AbstractTransferListenerAdapter - Downloaded https://repo.maven.apache.org/maven2/com/fasterxml/jackson/core/jackson-databind/2.15.2/jackson-databind-2.15.2.jar
2026-01-29 12:12:02,198 [BasicRepositoryConnector-repo.maven.apache.org-0-1] INFO  o.e.m.c.i.e.AbstractTransferListenerAdapter - Downloaded https://repo.maven.apache.org/maven2/org/xerial/snappy/snappy-java/1.1.10.7/snappy-java-1.1.10.7.jar
2026-01-29 12:12:10,058 [BasicRepositoryConnector-repo.maven.apache.org-0-0] INFO  o.e.m.c.i.e.AbstractTransferListenerAdapter - Downloaded https://repo.maven.apache.org/maven2/com/github/luben/zstd-jni/1.5.6-10/zstd-jni-1.5.6-10.jar
2026-01-29 12:12:10,224 [Worker-27: Building] INFO  o.a.m.s.f.DefaultMavenResourcesFiltering - skip non existing resourceDirectory C:\Users\leyre\Desktop\DAM 2 25-26\PSP\Kafka-Gestion-Impresoras-Con-Topics\PSP-Kafka-Gestion-Impresoras-Leyre-Romero\GestionColaImpresion\src\main\resources
2026-01-29 12:12:10,230 [Worker-27: Building] INFO  o.a.m.s.f.DefaultMavenResourcesFiltering - skip non existing resourceDirectory C:\Users\leyre\Desktop\DAM 2 25-26\PSP\Kafka-Gestion-Impresoras-Con-Topics\PSP-Kafka-Gestion-Impresoras-Leyre-Romero\GestionColaImpresion\src\test\resources
2026-01-29 12:12:11,264 [Worker-23: Download sources and javadoc] INFO  o.e.m.c.i.e.AbstractTransferListenerAdapter - Downloading https://repo.maven.apache.org/maven2/org/apache/kafka/kafka-clients/4.1.1/kafka-clients-4.1.1-sources.jar
2026-01-29 12:12:11,379 [Worker-27: Building] INFO  o.a.m.s.f.DefaultMavenResourcesFiltering - skip non existing resourceDirectory C:\Users\leyre\Desktop\DAM 2 25-26\PSP\Kafka-Gestion-Impresoras-Con-Topics\PSP-Kafka-Gestion-Impresoras-Leyre-Romero\GestionColaImpresion\src\main\resources
2026-01-29 12:12:11,385 [Worker-27: Building] INFO  o.a.m.s.f.DefaultMavenResourcesFiltering - skip non existing resourceDirectory C:\Users\leyre\Desktop\DAM 2 25-26\PSP\Kafka-Gestion-Impresoras-Con-Topics\PSP-Kafka-Gestion-Impresoras-Leyre-Romero\GestionColaImpresion\src\test\resources
2026-01-29 12:12:16,890 [Worker-23: Download sources and javadoc] INFO  o.e.m.c.i.e.AbstractTransferListenerAdapter - Downloaded https://repo.maven.apache.org/maven2/org/apache/kafka/kafka-clients/4.1.1/kafka-clients-4.1.1-sources.jar
2026-01-29 12:12:16,906 [Worker-23: Download sources and javadoc] INFO  o.e.m.j.internal.DownloadSourcesJob - Downloaded sources for org.apache.kafka:kafka-clients:4.1.1
2026-01-29 12:12:17,346 [Worker-23: Download sources and javadoc] INFO  o.e.m.c.i.e.AbstractTransferListenerAdapter - Downloading https://repo.maven.apache.org/maven2/com/github/luben/zstd-jni/1.5.6-10/zstd-jni-1.5.6-10-sources.jar
2026-01-29 12:12:17,948 [Worker-23: Download sources and javadoc] INFO  o.e.m.c.i.e.AbstractTransferListenerAdapter - Downloaded https://repo.maven.apache.org/maven2/com/github/luben/zstd-jni/1.5.6-10/zstd-jni-1.5.6-10-sources.jar
2026-01-29 12:12:17,961 [Worker-23: Download sources and javadoc] INFO  o.e.m.j.internal.DownloadSourcesJob - Downloaded sources for com.github.luben:zstd-jni:1.5.6-10
2026-01-29 12:12:18,049 [Worker-23: Download sources and javadoc] INFO  o.e.m.c.i.e.AbstractTransferListenerAdapter - Downloading https://repo.maven.apache.org/maven2/org/xerial/snappy/snappy-java/1.1.10.7/snappy-java-1.1.10.7-sources.jar
2026-01-29 12:12:19,983 [Worker-23: Download sources and javadoc] INFO  o.e.m.c.i.e.AbstractTransferListenerAdapter - Downloaded https://repo.maven.apache.org/maven2/org/xerial/snappy/snappy-java/1.1.10.7/snappy-java-1.1.10.7-sources.jar
2026-01-29 12:12:19,985 [Worker-23: Download sources and javadoc] INFO  o.e.m.j.internal.DownloadSourcesJob - Downloaded sources for org.xerial.snappy:snappy-java:1.1.10.7
2026-01-29 12:12:20,063 [Worker-23: Download sources and javadoc] INFO  o.e.m.c.i.e.AbstractTransferListenerAdapter - Downloading https://repo.maven.apache.org/maven2/com/fasterxml/jackson/core/jackson-databind/2.15.2/jackson-databind-2.15.2-sources.jar
2026-01-29 12:12:21,839 [Worker-23: Download sources and javadoc] INFO  o.e.m.c.i.e.AbstractTransferListenerAdapter - Downloaded https://repo.maven.apache.org/maven2/com/fasterxml/jackson/core/jackson-databind/2.15.2/jackson-databind-2.15.2-sources.jar
2026-01-29 12:12:21,843 [Worker-23: Download sources and javadoc] INFO  o.e.m.j.internal.DownloadSourcesJob - Downloaded sources for com.fasterxml.jackson.core:jackson-databind:2.15.2
2026-01-29 12:12:21,940 [Worker-23: Download sources and javadoc] INFO  o.e.m.c.i.e.AbstractTransferListenerAdapter - Downloading https://repo.maven.apache.org/maven2/com/fasterxml/jackson/core/jackson-annotations/2.15.2/jackson-annotations-2.15.2-sources.jar
2026-01-29 12:12:22,062 [Worker-23: Download sources and javadoc] INFO  o.e.m.c.i.e.AbstractTransferListenerAdapter - Downloaded https://repo.maven.apache.org/maven2/com/fasterxml/jackson/core/jackson-annotations/2.15.2/jackson-annotations-2.15.2-sources.jar
2026-01-29 12:12:22,066 [Worker-23: Download sources and javadoc] INFO  o.e.m.j.internal.DownloadSourcesJob - Downloaded sources for com.fasterxml.jackson.core:jackson-annotations:2.15.2
2026-01-29 12:12:22,210 [Worker-23: Download sources and javadoc] INFO  o.e.m.c.i.e.AbstractTransferListenerAdapter - Downloading https://repo.maven.apache.org/maven2/com/fasterxml/jackson/core/jackson-core/2.15.2/jackson-core-2.15.2-sources.jar
2026-01-29 12:12:22,726 [Worker-23: Download sources and javadoc] INFO  o.e.m.c.i.e.AbstractTransferListenerAdapter - Downloaded https://repo.maven.apache.org/maven2/com/fasterxml/jackson/core/jackson-core/2.15.2/jackson-core-2.15.2-sources.jar
2026-01-29 12:12:22,730 [Worker-23: Download sources and javadoc] INFO  o.e.m.j.internal.DownloadSourcesJob - Downloaded sources for com.fasterxml.jackson.core:jackson-core:2.15.2
2026-01-29 12:12:31,177 [Worker-39: Building] INFO  o.a.m.s.f.DefaultMavenResourcesFiltering - skip non existing resourceDirectory C:\Users\leyre\Desktop\DAM 2 25-26\PSP\Kafka-Gestion-Impresoras-Con-Topics\PSP-Kafka-Gestion-Impresoras-Leyre-Romero\GestionColaImpresion\src\main\resources
2026-01-29 12:12:31,181 [Worker-39: Building] INFO  o.a.m.s.f.DefaultMavenResourcesFiltering - skip non existing resourceDirectory C:\Users\leyre\Desktop\DAM 2 25-26\PSP\Kafka-Gestion-Impresoras-Con-Topics\PSP-Kafka-Gestion-Impresoras-Leyre-Romero\GestionColaImpresion\src\test\resources
2026-01-29 12:13:32,175 [Worker-33: Building] INFO  o.a.m.s.f.DefaultMavenResourcesFiltering - skip non existing resourceDirectory C:\Users\leyre\Desktop\DAM 2 25-26\PSP\Kafka-Gestion-Impresoras-Con-Topics\PSP-Kafka-Gestion-Impresoras-Leyre-Romero\GestionColaImpresion\src\main\resources
2026-01-29 12:13:32,178 [Worker-33: Building] INFO  o.a.m.s.f.DefaultMavenResourcesFiltering - skip non existing resourceDirectory C:\Users\leyre\Desktop\DAM 2 25-26\PSP\Kafka-Gestion-Impresoras-Con-Topics\PSP-Kafka-Gestion-Impresoras-Leyre-Romero\GestionColaImpresion\src\test\resources
2026-01-29 12:13:55,246 [Worker-13: Building] INFO  o.a.m.s.f.DefaultMavenResourcesFiltering - skip non existing resourceDirectory C:\Users\leyre\Desktop\DAM 2 25-26\PSP\Kafka-Gestion-Impresoras-Con-Topics\PSP-Kafka-Gestion-Impresoras-Leyre-Romero\GestionColaImpresion\src\main\resources
2026-01-29 12:13:55,248 [Worker-13: Building] INFO  o.a.m.s.f.DefaultMavenResourcesFiltering - skip non existing resourceDirectory C:\Users\leyre\Desktop\DAM 2 25-26\PSP\Kafka-Gestion-Impresoras-Con-Topics\PSP-Kafka-Gestion-Impresoras-Leyre-Romero\GestionColaImpresion\src\test\resources
2026-01-29 12:17:20,055 [Worker-13: Building] INFO  o.a.m.s.f.DefaultMavenResourcesFiltering - skip non existing resourceDirectory C:\Users\leyre\Desktop\DAM 2 25-26\PSP\Kafka-Gestion-Impresoras-Con-Topics\PSP-Kafka-Gestion-Impresoras-Leyre-Romero\GestionColaImpresion\src\main\resources
2026-01-29 12:17:20,059 [Worker-13: Building] INFO  o.a.m.s.f.DefaultMavenResourcesFiltering - skip non existing resourceDirectory C:\Users\leyre\Desktop\DAM 2 25-26\PSP\Kafka-Gestion-Impresoras-Con-Topics\PSP-Kafka-Gestion-Impresoras-Leyre-Romero\GestionColaImpresion\src\test\resources
2026-01-29 12:18:42,918 [Worker-13: Building] INFO  o.a.m.s.f.DefaultMavenResourcesFiltering - skip non existing resourceDirectory C:\Users\leyre\Desktop\DAM 2 25-26\PSP\Kafka-Gestion-Impresoras-Con-Topics\PSP-Kafka-Gestion-Impresoras-Leyre-Romero\GestionColaImpresion\src\main\resources
2026-01-29 12:18:42,921 [Worker-13: Building] INFO  o.a.m.s.f.DefaultMavenResourcesFiltering - skip non existing resourceDirectory C:\Users\leyre\Desktop\DAM 2 25-26\PSP\Kafka-Gestion-Impresoras-Con-Topics\PSP-Kafka-Gestion-Impresoras-Leyre-Romero\GestionColaImpresion\src\test\resources
2026-01-29 12:20:36,641 [Worker-5: Building] INFO  o.a.m.s.f.DefaultMavenResourcesFiltering - skip non existing resourceDirectory C:\Users\leyre\Desktop\DAM 2 25-26\PSP\Kafka-Gestion-Impresoras-Con-Topics\PSP-Kafka-Gestion-Impresoras-Leyre-Romero\GestionColaImpresion\src\main\resources
2026-01-29 12:20:36,643 [Worker-5: Building] INFO  o.a.m.s.f.DefaultMavenResourcesFiltering - skip non existing resourceDirectory C:\Users\leyre\Desktop\DAM 2 25-26\PSP\Kafka-Gestion-Impresoras-Con-Topics\PSP-Kafka-Gestion-Impresoras-Leyre-Romero\GestionColaImpresion\src\test\resources
2026-01-29 12:23:59,775 [Worker-9: Building] INFO  o.a.m.s.f.DefaultMavenResourcesFiltering - skip non existing resourceDirectory C:\Users\leyre\Desktop\DAM 2 25-26\PSP\Kafka-Gestion-Impresoras-Con-Topics\PSP-Kafka-Gestion-Impresoras-Leyre-Romero\GestionColaImpresion\src\main\resources
2026-01-29 12:23:59,777 [Worker-9: Building] INFO  o.a.m.s.f.DefaultMavenResourcesFiltering - skip non existing resourceDirectory C:\Users\leyre\Desktop\DAM 2 25-26\PSP\Kafka-Gestion-Impresoras-Con-Topics\PSP-Kafka-Gestion-Impresoras-Leyre-Romero\GestionColaImpresion\src\test\resources
2026-01-29 12:25:46,034 [Worker-5: Building] INFO  o.a.m.s.f.DefaultMavenResourcesFiltering - skip non existing resourceDirectory C:\Users\leyre\Desktop\DAM 2 25-26\PSP\Kafka-Gestion-Impresoras-Con-Topics\PSP-Kafka-Gestion-Impresoras-Leyre-Romero\GestionColaImpresion\src\main\resources
2026-01-29 12:25:46,036 [Worker-5: Building] INFO  o.a.m.s.f.DefaultMavenResourcesFiltering - skip non existing resourceDirectory C:\Users\leyre\Desktop\DAM 2 25-26\PSP\Kafka-Gestion-Impresoras-Con-Topics\PSP-Kafka-Gestion-Impresoras-Leyre-Romero\GestionColaImpresion\src\test\resources
2026-01-29 12:30:32,107 [Worker-5: Building] INFO  o.a.m.s.f.DefaultMavenResourcesFiltering - skip non existing resourceDirectory C:\Users\leyre\Desktop\DAM 2 25-26\PSP\Kafka-Gestion-Impresoras-Con-Topics\PSP-Kafka-Gestion-Impresoras-Leyre-Romero\GestionColaImpresion\src\main\resources
2026-01-29 12:30:32,109 [Worker-5: Building] INFO  o.a.m.s.f.DefaultMavenResourcesFiltering - skip non existing resourceDirectory C:\Users\leyre\Desktop\DAM 2 25-26\PSP\Kafka-Gestion-Impresoras-Con-Topics\PSP-Kafka-Gestion-Impresoras-Leyre-Romero\GestionColaImpresion\src\test\resources
2026-01-29 12:46:18,806 [Worker-40: Building] INFO  o.a.m.s.f.DefaultMavenResourcesFiltering - skip non existing resourceDirectory C:\Users\leyre\Desktop\DAM 2 25-26\PSP\Kafka-Gestion-Impresoras-Con-Topics\PSP-Kafka-Gestion-Impresoras-Leyre-Romero\GestionColaImpresion\src\main\resources
2026-01-29 12:46:18,808 [Worker-40: Building] INFO  o.a.m.s.f.DefaultMavenResourcesFiltering - skip non existing resourceDirectory C:\Users\leyre\Desktop\DAM 2 25-26\PSP\Kafka-Gestion-Impresoras-Con-Topics\PSP-Kafka-Gestion-Impresoras-Leyre-Romero\GestionColaImpresion\src\test\resources
2026-01-29 12:55:36,828 [Worker-40: Updating Maven Project] INFO  o.e.m.c.i.p.ProjectConfigurationManager - Update started
2026-01-29 12:55:36,888 [Worker-40: Updating Maven Project] INFO  o.e.m.c.i.l.LifecycleMappingFactory - Using org.eclipse.m2e.jdt.JarLifecycleMapping lifecycle mapping for MavenProject: com.cuatrovientos.kafka:GestionColaImpresion:0.0.1-SNAPSHOT @ C:\Users\leyre\Desktop\DAM 2 25-26\PSP\Kafka-Gestion-Impresoras-Con-Topics\PSP-Kafka-Gestion-Impresoras-Leyre-Romero\GestionColaImpresion\pom.xml.
2026-01-29 12:55:37,094 [Worker-40: Updating Maven Project] INFO  o.e.m.j.i.AbstractJavaProjectConfigurator - Adding source folder /GestionColaImpresion/src/main/java
2026-01-29 12:55:37,096 [Worker-40: Updating Maven Project] INFO  o.e.m.j.i.AbstractJavaProjectConfigurator - Adding resource folder /GestionColaImpresion/src/main/resources
2026-01-29 12:55:37,097 [Worker-40: Updating Maven Project] INFO  o.e.m.j.i.AbstractJavaProjectConfigurator - Adding source folder /GestionColaImpresion/src/test/java
2026-01-29 12:55:37,098 [Worker-40: Updating Maven Project] INFO  o.e.m.j.i.AbstractJavaProjectConfigurator - Adding resource folder /GestionColaImpresion/src/test/resources
2026-01-29 12:55:37,200 [Worker-40: Updating Maven Project] INFO  o.e.m.c.i.p.ProjectConfigurationManager - Update completed for 1 poms: local refresh takes 0,00 sec, refresh facades takes 0,00 sec, update config takes 0,00 sec 
2026-01-29 12:55:37,468 [Worker-43: Building] INFO  o.a.m.s.f.DefaultMavenResourcesFiltering - skip non existing resourceDirectory C:\Users\leyre\Desktop\DAM 2 25-26\PSP\Kafka-Gestion-Impresoras-Con-Topics\PSP-Kafka-Gestion-Impresoras-Leyre-Romero\GestionColaImpresion\src\main\resources
2026-01-29 12:55:37,472 [Worker-43: Building] INFO  o.a.m.s.f.DefaultMavenResourcesFiltering - skip non existing resourceDirectory C:\Users\leyre\Desktop\DAM 2 25-26\PSP\Kafka-Gestion-Impresoras-Con-Topics\PSP-Kafka-Gestion-Impresoras-Leyre-Romero\GestionColaImpresion\src\test\resources
2026-01-29 12:59:11,155 [Worker-44: Building] INFO  o.a.m.s.f.DefaultMavenResourcesFiltering - skip non existing resourceDirectory C:\Users\leyre\Desktop\DAM 2 25-26\PSP\Kafka-Gestion-Impresoras-Con-Topics\PSP-Kafka-Gestion-Impresoras-Leyre-Romero\GestionColaImpresion\src\main\resources
2026-01-29 12:59:11,158 [Worker-44: Building] INFO  o.a.m.s.f.DefaultMavenResourcesFiltering - skip non existing resourceDirectory C:\Users\leyre\Desktop\DAM 2 25-26\PSP\Kafka-Gestion-Impresoras-Con-Topics\PSP-Kafka-Gestion-Impresoras-Leyre-Romero\GestionColaImpresion\src\test\resources
2026-01-29 12:59:17,359 [Worker-44: Building] INFO  o.a.m.s.f.DefaultMavenResourcesFiltering - skip non existing resourceDirectory C:\Users\leyre\Desktop\DAM 2 25-26\PSP\Kafka-Gestion-Impresoras-Con-Topics\PSP-Kafka-Gestion-Impresoras-Leyre-Romero\GestionColaImpresion\src\main\resources
2026-01-29 12:59:17,360 [Worker-44: Building] INFO  o.a.m.s.f.DefaultMavenResourcesFiltering - skip non existing resourceDirectory C:\Users\leyre\Desktop\DAM 2 25-26\PSP\Kafka-Gestion-Impresoras-Con-Topics\PSP-Kafka-Gestion-Impresoras-Leyre-Romero\GestionColaImpresion\src\test\resources
2026-01-29 13:00:15,757 [Worker-45: Building] INFO  o.a.m.s.f.DefaultMavenResourcesFiltering - skip non existing resourceDirectory C:\Users\leyre\Desktop\DAM 2 25-26\PSP\Kafka-Gestion-Impresoras-Con-Topics\PSP-Kafka-Gestion-Impresoras-Leyre-Romero\GestionColaImpresion\src\main\resources
2026-01-29 13:00:15,760 [Worker-45: Building] INFO  o.a.m.s.f.DefaultMavenResourcesFiltering - skip non existing resourceDirectory C:\Users\leyre\Desktop\DAM 2 25-26\PSP\Kafka-Gestion-Impresoras-Con-Topics\PSP-Kafka-Gestion-Impresoras-Leyre-Romero\GestionColaImpresion\src\test\resources
2026-01-29 13:02:26,151 [Worker-45: Updating Maven Project] INFO  o.e.m.c.i.p.ProjectConfigurationManager - Update started
2026-01-29 13:02:26,206 [Worker-45: Updating Maven Project] INFO  o.e.m.c.i.l.LifecycleMappingFactory - Using org.eclipse.m2e.jdt.JarLifecycleMapping lifecycle mapping for MavenProject: com.cuatrovientos.kafka:GestionColaImpresion:0.0.1-SNAPSHOT @ C:\Users\leyre\Desktop\DAM 2 25-26\PSP\Kafka-Gestion-Impresoras-Con-Topics\PSP-Kafka-Gestion-Impresoras-Leyre-Romero\GestionColaImpresion\pom.xml.
2026-01-29 13:02:26,311 [Worker-45: Updating Maven Project] INFO  o.e.m.j.i.AbstractJavaProjectConfigurator - Adding source folder /GestionColaImpresion/src/main/java
2026-01-29 13:02:26,312 [Worker-45: Updating Maven Project] INFO  o.e.m.j.i.AbstractJavaProjectConfigurator - Adding resource folder /GestionColaImpresion/src/main/resources
2026-01-29 13:02:26,312 [Worker-45: Updating Maven Project] INFO  o.e.m.j.i.AbstractJavaProjectConfigurator - Adding source folder /GestionColaImpresion/src/test/java
2026-01-29 13:02:26,314 [Worker-45: Updating Maven Project] INFO  o.e.m.j.i.AbstractJavaProjectConfigurator - Adding resource folder /GestionColaImpresion/src/test/resources
2026-01-29 13:02:26,439 [Worker-45: Updating Maven Project] INFO  o.e.m.c.i.p.ProjectConfigurationManager - Update completed for 1 poms: local refresh takes 0,00 sec, refresh facades takes 0,00 sec, update config takes 0,00 sec 
2026-01-29 13:02:26,704 [Worker-40: Building] INFO  o.a.m.s.f.DefaultMavenResourcesFiltering - skip non existing resourceDirectory C:\Users\leyre\Desktop\DAM 2 25-26\PSP\Kafka-Gestion-Impresoras-Con-Topics\PSP-Kafka-Gestion-Impresoras-Leyre-Romero\GestionColaImpresion\src\main\resources
2026-01-29 13:02:26,706 [Worker-40: Building] INFO  o.a.m.s.f.DefaultMavenResourcesFiltering - skip non existing resourceDirectory C:\Users\leyre\Desktop\DAM 2 25-26\PSP\Kafka-Gestion-Impresoras-Con-Topics\PSP-Kafka-Gestion-Impresoras-Leyre-Romero\GestionColaImpresion\src\test\resources
2026-01-29 13:05:11,753 [Worker-44: Building] INFO  o.e.m.c.i.l.LifecycleMappingFactory - Using org.eclipse.m2e.jdt.JarLifecycleMapping lifecycle mapping for MavenProject: com.cuatrovientos.kafka:GestionColaImpresion:0.0.1-SNAPSHOT @ C:\Users\leyre\Desktop\DAM 2 25-26\PSP\Kafka-Gestion-Impresoras-Con-Topics\PSP-Kafka-Gestion-Impresoras-Leyre-Romero\GestionColaImpresion\pom.xml.
2026-01-29 13:05:11,853 [Worker-44: Building] INFO  o.e.m.c.i.e.AbstractTransferListenerAdapter - Downloading https://repo.maven.apache.org/maven2/org/slf4j/slf4j-simple/2.0.7/slf4j-simple-2.0.7.pom
2026-01-29 13:05:11,873 [Worker-44: Building] INFO  o.e.m.c.i.e.AbstractTransferListenerAdapter - Downloaded https://repo.maven.apache.org/maven2/org/slf4j/slf4j-simple/2.0.7/slf4j-simple-2.0.7.pom
2026-01-29 13:05:11,917 [Worker-44: Building] INFO  o.e.m.c.i.e.AbstractTransferListenerAdapter - Downloading https://repo.maven.apache.org/maven2/org/slf4j/slf4j-parent/2.0.7/slf4j-parent-2.0.7.pom
2026-01-29 13:05:11,973 [Worker-44: Building] INFO  o.e.m.c.i.e.AbstractTransferListenerAdapter - Downloaded https://repo.maven.apache.org/maven2/org/slf4j/slf4j-parent/2.0.7/slf4j-parent-2.0.7.pom
2026-01-29 13:05:12,021 [Worker-44: Building] INFO  o.e.m.c.i.e.AbstractTransferListenerAdapter - Downloading https://repo.maven.apache.org/maven2/org/slf4j/slf4j-api/2.0.7/slf4j-api-2.0.7.pom
2026-01-29 13:05:12,043 [Worker-44: Building] INFO  o.e.m.c.i.e.AbstractTransferListenerAdapter - Downloaded https://repo.maven.apache.org/maven2/org/slf4j/slf4j-api/2.0.7/slf4j-api-2.0.7.pom
2026-01-29 13:05:12,092 [Worker-44: Building] INFO  o.e.m.c.i.e.AbstractTransferListenerAdapter - Downloading https://repo.maven.apache.org/maven2/org/slf4j/slf4j-simple/2.0.7/slf4j-simple-2.0.7.jar
2026-01-29 13:05:12,242 [Worker-44: Building] INFO  o.e.m.c.i.e.AbstractTransferListenerAdapter - Downloaded https://repo.maven.apache.org/maven2/org/slf4j/slf4j-simple/2.0.7/slf4j-simple-2.0.7.jar
2026-01-29 13:05:12,403 [Worker-44: Building] INFO  o.a.m.s.f.DefaultMavenResourcesFiltering - skip non existing resourceDirectory C:\Users\leyre\Desktop\DAM 2 25-26\PSP\Kafka-Gestion-Impresoras-Con-Topics\PSP-Kafka-Gestion-Impresoras-Leyre-Romero\GestionColaImpresion\src\main\resources
2026-01-29 13:05:12,405 [Worker-44: Building] INFO  o.a.m.s.f.DefaultMavenResourcesFiltering - skip non existing resourceDirectory C:\Users\leyre\Desktop\DAM 2 25-26\PSP\Kafka-Gestion-Impresoras-Con-Topics\PSP-Kafka-Gestion-Impresoras-Leyre-Romero\GestionColaImpresion\src\test\resources
2026-01-29 13:05:13,630 [Worker-46: Building] INFO  o.a.m.s.f.DefaultMavenResourcesFiltering - skip non existing resourceDirectory C:\Users\leyre\Desktop\DAM 2 25-26\PSP\Kafka-Gestion-Impresoras-Con-Topics\PSP-Kafka-Gestion-Impresoras-Leyre-Romero\GestionColaImpresion\src\main\resources
2026-01-29 13:05:13,632 [Worker-46: Building] INFO  o.a.m.s.f.DefaultMavenResourcesFiltering - skip non existing resourceDirectory C:\Users\leyre\Desktop\DAM 2 25-26\PSP\Kafka-Gestion-Impresoras-Con-Topics\PSP-Kafka-Gestion-Impresoras-Leyre-Romero\GestionColaImpresion\src\test\resources
2026-01-29 13:05:13,807 [Worker-44: Download sources and javadoc] INFO  o.e.m.c.i.e.AbstractTransferListenerAdapter - Downloading https://repo.maven.apache.org/maven2/org/slf4j/slf4j-simple/2.0.7/slf4j-simple-2.0.7-sources.jar
2026-01-29 13:05:13,941 [Worker-44: Download sources and javadoc] INFO  o.e.m.c.i.e.AbstractTransferListenerAdapter - Downloaded https://repo.maven.apache.org/maven2/org/slf4j/slf4j-simple/2.0.7/slf4j-simple-2.0.7-sources.jar
2026-01-29 13:05:13,944 [Worker-44: Download sources and javadoc] INFO  o.e.m.j.internal.DownloadSourcesJob - Downloaded sources for org.slf4j:slf4j-simple:2.0.7
2026-01-29 13:05:39,902 [Worker-46: Updating Maven Project] INFO  o.e.m.c.i.p.ProjectConfigurationManager - Update started
2026-01-29 13:05:39,954 [Worker-46: Updating Maven Project] INFO  o.e.m.c.i.l.LifecycleMappingFactory - Using org.eclipse.m2e.jdt.JarLifecycleMapping lifecycle mapping for MavenProject: com.cuatrovientos.kafka:GestionColaImpresion:0.0.1-SNAPSHOT @ C:\Users\leyre\Desktop\DAM 2 25-26\PSP\Kafka-Gestion-Impresoras-Con-Topics\PSP-Kafka-Gestion-Impresoras-Leyre-Romero\GestionColaImpresion\pom.xml.
2026-01-29 13:05:40,056 [Worker-46: Updating Maven Project] INFO  o.e.m.j.i.AbstractJavaProjectConfigurator - Adding source folder /GestionColaImpresion/src/main/java
2026-01-29 13:05:40,057 [Worker-46: Updating Maven Project] INFO  o.e.m.j.i.AbstractJavaProjectConfigurator - Adding resource folder /GestionColaImpresion/src/main/resources
2026-01-29 13:05:40,057 [Worker-46: Updating Maven Project] INFO  o.e.m.j.i.AbstractJavaProjectConfigurator - Adding source folder /GestionColaImpresion/src/test/java
2026-01-29 13:05:40,058 [Worker-46: Updating Maven Project] INFO  o.e.m.j.i.AbstractJavaProjectConfigurator - Adding resource folder /GestionColaImpresion/src/test/resources
2026-01-29 13:05:40,143 [Worker-46: Updating Maven Project] INFO  o.e.m.c.i.p.ProjectConfigurationManager - Update completed for 1 poms: local refresh takes 0,00 sec, refresh facades takes 0,00 sec, update config takes 0,00 sec 
2026-01-29 13:05:40,338 [Worker-42: Building] INFO  o.a.m.s.f.DefaultMavenResourcesFiltering - skip non existing resourceDirectory C:\Users\leyre\Desktop\DAM 2 25-26\PSP\Kafka-Gestion-Impresoras-Con-Topics\PSP-Kafka-Gestion-Impresoras-Leyre-Romero\GestionColaImpresion\src\main\resources
2026-01-29 13:05:40,341 [Worker-42: Building] INFO  o.a.m.s.f.DefaultMavenResourcesFiltering - skip non existing resourceDirectory C:\Users\leyre\Desktop\DAM 2 25-26\PSP\Kafka-Gestion-Impresoras-Con-Topics\PSP-Kafka-Gestion-Impresoras-Leyre-Romero\GestionColaImpresion\src\test\resources
2026-01-29 13:18:19,861 [Worker-46: Building] INFO  o.a.m.s.f.DefaultMavenResourcesFiltering - skip non existing resourceDirectory C:\Users\leyre\Desktop\DAM 2 25-26\PSP\Kafka-Gestion-Impresoras-Con-Topics\PSP-Kafka-Gestion-Impresoras-Leyre-Romero\GestionColaImpresion\src\main\resources
2026-01-29 13:18:19,863 [Worker-46: Building] INFO  o.a.m.s.f.DefaultMavenResourcesFiltering - skip non existing resourceDirectory C:\Users\leyre\Desktop\DAM 2 25-26\PSP\Kafka-Gestion-Impresoras-Con-Topics\PSP-Kafka-Gestion-Impresoras-Leyre-Romero\GestionColaImpresion\src\test\resources
2026-01-29 14:10:06,518 [Worker-4: Loading available Gradle versions] INFO  o.e.b.c.i.u.g.PublishedGradleVersions - Gradle version information cache is up-to-date. Trying to read.
